# JRE version: OpenJDK Runtime Environment (8.0) (build 1.8.0-9-microsoft-b00)
# Java VM: OpenJDK 64-Bit Server VM (25.71-b00 mixed mode windows-amd64 compressed oops)
Heap:
 PSYoungGen      total 292864K, used 206178K [0x00000000eab00000, 0x00000000ff100000, 0x0000000100000000)
  eden space 258048K, 68% used [0x00000000eab00000,0x00000000f5798be0,0x00000000fa700000)
  from space 34816K, 84% used [0x00000000fcb00000,0x00000000fe7bfe40,0x00000000fed00000)
  to   space 36864K, 0% used [0x00000000fa700000,0x00000000fa700000,0x00000000fcb00000)
 ParOldGen       total 173568K, used 56362K [0x00000000c0000000, 0x00000000ca980000, 0x00000000eab00000)
  object space 173568K, 32% used [0x00000000c0000000,0x00000000c370a9b8,0x00000000ca980000)
 Metaspace       used 6710K, capacity 7384K, committed 7680K, reserved 1056768K
  class space    used 619K, capacity 656K, committed 768K, reserved 1048576K
GC Heap History (10 events):
Event: 0.824 GC heap before
{Heap before GC invocations=2 (full 0):
 PSYoungGen      total 75776K, used 75756K [0x00000000eab00000, 0x00000000eff80000, 0x0000000100000000)
  eden space 65024K, 100% used [0x00000000eab00000,0x00000000eea80000,0x00000000eea80000)
  from space 10752K, 99% used [0x00000000eea80000,0x00000000ef4fb208,0x00000000ef500000)
  to   space 10752K, 0% used [0x00000000ef500000,0x00000000ef500000,0x00000000eff80000)
 ParOldGen       total 173568K, used 993K [0x00000000c0000000, 0x00000000ca980000, 0x00000000eab00000)
  object space 173568K, 0% used [0x00000000c0000000,0x00000000c00f8630,0x00000000ca980000)
 Metaspace       used 6275K, capacity 7088K, committed 7296K, reserved 1056768K
  class space    used 583K, capacity 616K, committed 640K, reserved 1048576K
Event: 0.837 GC heap after
Heap after GC invocations=2 (full 0):
 PSYoungGen      total 75776K, used 10747K [0x00000000eab00000, 0x00000000f3f00000, 0x0000000100000000)
  eden space 65024K, 0% used [0x00000000eab00000,0x00000000eab00000,0x00000000eea80000)
  from space 10752K, 99% used [0x00000000ef500000,0x00000000eff7eee0,0x00000000eff80000)
  to   space 10752K, 0% used [0x00000000eea80000,0x00000000eea80000,0x00000000ef500000)
 ParOldGen       total 173568K, used 11593K [0x00000000c0000000, 0x00000000ca980000, 0x00000000eab00000)
  object space 173568K, 6% used [0x00000000c0000000,0x00000000c0b525c0,0x00000000ca980000)
 Metaspace       used 6275K, capacity 7088K, committed 7296K, reserved 1056768K
  class space    used 583K, capacity 616K, committed 640K, reserved 1048576K
}
Event: 0.984 GC heap before
{Heap before GC invocations=3 (full 0):
 PSYoungGen      total 75776K, used 75771K [0x00000000eab00000, 0x00000000f3f00000, 0x0000000100000000)
  eden space 65024K, 100% used [0x00000000eab00000,0x00000000eea80000,0x00000000eea80000)
  from space 10752K, 99% used [0x00000000ef500000,0x00000000eff7eee0,0x00000000eff80000)
  to   space 10752K, 0% used [0x00000000eea80000,0x00000000eea80000,0x00000000ef500000)
 ParOldGen       total 173568K, used 11593K [0x00000000c0000000, 0x00000000ca980000, 0x00000000eab00000)
  object space 173568K, 6% used [0x00000000c0000000,0x00000000c0b525c0,0x00000000ca980000)
 Metaspace       used 6317K, capacity 7152K, committed 7296K, reserved 1056768K
  class space    used 583K, capacity 616K, committed 640K, reserved 1048576K
Event: 0.995 GC heap after
Heap after GC invocations=3 (full 0):
 PSYoungGen      total 75776K, used 10748K [0x00000000eab00000, 0x00000000f3f00000, 0x0000000100000000)
  eden space 65024K, 0% used [0x00000000eab00000,0x00000000eab00000,0x00000000eea80000)
  from space 10752K, 99% used [0x00000000eea80000,0x00000000ef4ff3b0,0x00000000ef500000)
  to   space 10752K, 0% used [0x00000000f3480000,0x00000000f3480000,0x00000000f3f00000)
 ParOldGen       total 173568K, used 25140K [0x00000000c0000000, 0x00000000ca980000, 0x00000000eab00000)
  object space 173568K, 14% used [0x00000000c0000000,0x00000000c188d2e0,0x00000000ca980000)
 Metaspace       used 6317K, capacity 7152K, committed 7296K, reserved 1056768K
  class space    used 583K, capacity 616K, committed 640K, reserved 1048576K
}
Event: 1.135 GC heap before
{Heap before GC invocations=4 (full 0):
 PSYoungGen      total 75776K, used 75772K [0x00000000eab00000, 0x00000000f3f00000, 0x0000000100000000)
  eden space 65024K, 100% used [0x00000000eab00000,0x00000000eea80000,0x00000000eea80000)
  from space 10752K, 99% used [0x00000000eea80000,0x00000000ef4ff3b0,0x00000000ef500000)
  to   space 10752K, 0% used [0x00000000f3480000,0x00000000f3480000,0x00000000f3f00000)
 ParOldGen       total 173568K, used 25140K [0x00000000c0000000, 0x00000000ca980000, 0x00000000eab00000)
  object space 173568K, 14% used [0x00000000c0000000,0x00000000c188d2e0,0x00000000ca980000)
 Metaspace       used 6467K, capacity 7192K, committed 7424K, reserved 1056768K
  class space    used 603K, capacity 656K, committed 768K, reserved 1048576K
Event: 1.151 GC heap after
Heap after GC invocations=4 (full 0):
 PSYoungGen      total 140800K, used 10727K [0x00000000eab00000, 0x00000000f3f00000, 0x0000000100000000)
  eden space 130048K, 0% used [0x00000000eab00000,0x00000000eab00000,0x00000000f2a00000)
  from space 10752K, 99% used [0x00000000f3480000,0x00000000f3ef9c90,0x00000000f3f00000)
  to   space 10752K, 0% used [0x00000000f2a00000,0x00000000f2a00000,0x00000000f3480000)
 ParOldGen       total 173568K, used 37428K [0x00000000c0000000, 0x00000000ca980000, 0x00000000eab00000)
  object space 173568K, 21% used [0x00000000c0000000,0x00000000c248d310,0x00000000ca980000)
 Metaspace       used 6467K, capacity 7192K, committed 7424K, reserved 1056768K
  class space    used 603K, capacity 656K, committed 768K, reserved 1048576K
}
Event: 1.510 GC heap before
{Heap before GC invocations=5 (full 0):
 PSYoungGen      total 140800K, used 140775K [0x00000000eab00000, 0x00000000f3f00000, 0x0000000100000000)
  eden space 130048K, 100% used [0x00000000eab00000,0x00000000f2a00000,0x00000000f2a00000)
  from space 10752K, 99% used [0x00000000f3480000,0x00000000f3ef9c90,0x00000000f3f00000)
  to   space 10752K, 0% used [0x00000000f2a00000,0x00000000f2a00000,0x00000000f3480000)
 ParOldGen       total 173568K, used 37428K [0x00000000c0000000, 0x00000000ca980000, 0x00000000eab00000)
  object space 173568K, 21% used [0x00000000c0000000,0x00000000c248d310,0x00000000ca980000)
 Metaspace       used 6650K, capacity 7320K, committed 7680K, reserved 1056768K
  class space    used 619K, capacity 656K, committed 768K, reserved 1048576K
Event: 1.532 GC heap after
Heap after GC invocations=5 (full 0):
 PSYoungGen      total 140800K, used 10724K [0x00000000eab00000, 0x00000000fed00000, 0x0000000100000000)
  eden space 130048K, 0% used [0x00000000eab00000,0x00000000eab00000,0x00000000f2a00000)
  from space 10752K, 99% used [0x00000000f2a00000,0x00000000f3479060,0x00000000f3480000)
  to   space 34816K, 0% used [0x00000000fcb00000,0x00000000fcb00000,0x00000000fed00000)
 ParOldGen       total 173568K, used 56354K [0x00000000c0000000, 0x00000000ca980000, 0x00000000eab00000)
  object space 173568K, 32% used [0x00000000c0000000,0x00000000c37089b8,0x00000000ca980000)
 Metaspace       used 6650K, capacity 7320K, committed 7680K, reserved 1056768K
  class space    used 619K, capacity 656K, committed 768K, reserved 1048576K
}
Event: 1.841 GC heap before
{Heap before GC invocations=6 (full 0):
 PSYoungGen      total 140800K, used 140772K [0x00000000eab00000, 0x00000000fed00000, 0x0000000100000000)
  eden space 130048K, 100% used [0x00000000eab00000,0x00000000f2a00000,0x00000000f2a00000)
  from space 10752K, 99% used [0x00000000f2a00000,0x00000000f3479060,0x00000000f3480000)
  to   space 34816K, 0% used [0x00000000fcb00000,0x00000000fcb00000,0x00000000fed00000)
 ParOldGen       total 173568K, used 56354K [0x00000000c0000000, 0x00000000ca980000, 0x00000000eab00000)
  object space 173568K, 32% used [0x00000000c0000000,0x00000000c37089b8,0x00000000ca980000)
 Metaspace       used 6690K, capacity 7320K, committed 7680K, reserved 1056768K
  class space    used 619K, capacity 656K, committed 768K, reserved 1048576K
Event: 1.865 GC heap after
Heap after GC invocations=6 (full 0):
 PSYoungGen      total 292864K, used 29439K [0x00000000eab00000, 0x00000000ff100000, 0x0000000100000000)
  eden space 258048K, 0% used [0x00000000eab00000,0x00000000eab00000,0x00000000fa700000)
  from space 34816K, 84% used [0x00000000fcb00000,0x00000000fe7bfe40,0x00000000fed00000)
  to   space 36864K, 0% used [0x00000000fa700000,0x00000000fa700000,0x00000000fcb00000)
 ParOldGen       total 173568K, used 56362K [0x00000000c0000000, 0x00000000ca980000, 0x00000000eab00000)
  object space 173568K, 32% used [0x00000000c0000000,0x00000000c370a9b8,0x00000000ca980000)
 Metaspace       used 6690K, capacity 7320K, committed 7680K, reserved 1056768K
  class space    used 619K, capacity 656K, committed 768K, reserved 1048576K
}

